<?xml version="1.0" encoding="UTF-8"?>
<!-- Generated by org.testng.reporters.JUnitXMLReporter -->
<testsuite hostname="CAN-7825-L001" name="Test" tests="5" failures="0" timestamp="9 Jan 2018 18:24:26 GMT" time="112.359" errors="0">
  <testcase name="testInvalidLogin" time="5.584" classname="projectScripts.Scenario_Login"/>
  <testcase name="testValidLogin" time="4.639" classname="projectScripts.Scenario_Login"/>
  <testcase name="testValidSearch" time="31.948" classname="projectScripts.Scenario_Search_Addtocart"/>
  <testcase name="testCartValidation" time="6.859" classname="projectScripts.Scenario_Search_Addtocart"/>
  <testcase name="testDeleteCart" time="14.529" classname="projectScripts.Scenario_DeleteCart"/>
</testsuite> <!-- Test -->
