<?xml version="1.0" encoding="UTF-8"?>
<!-- Generated by org.testng.reporters.JUnitXMLReporter -->
<testsuite hostname="CAN-7825-L001" name="Testff" tests="2" failures="1" timestamp="19 Dec 2017 13:57:34 GMT" time="65.023" errors="0">
  <testcase name="@AfterMethod tearDown" time="0.0" classname="projectScripts.Scenario_DeleteCart">
    <failure type="java.lang.NullPointerException">
      <![CDATA[java.lang.NullPointerException
	at genericLibrary.Base_Class99.tearDown(Base_Class99.java:91)
... Removed 26 stack frames]]>
    </failure>
  </testcase> <!-- @AfterMethod tearDown -->
  <testcase name="testValidSearch" time="41.334" classname="projectScripts.Scenario_Search_Addtocart"/>
  <testcase name="testDeleteCart" time="0.003" classname="projectScripts.Scenario_DeleteCart">
    <failure type="java.lang.NullPointerException">
      <![CDATA[java.lang.NullPointerException
	at projectScripts.Scenario_DeleteCart.testDeleteCart(Scenario_DeleteCart.java:38)
... Removed 24 stack frames]]>
    </failure>
  </testcase> <!-- testDeleteCart -->
</testsuite> <!-- Testff -->
