<?xml version="1.0" encoding="UTF-8"?>
<!-- Generated by org.testng.reporters.JUnitXMLReporter -->
<testsuite hostname="CAN-7825-L001" name="Test" tests="5" failures="0" timestamp="9 Jan 2018 18:16:10 GMT" time="102.153" errors="0">
  <testcase name="testInvalidLogin" time="3.523" classname="projectScripts.Scenario_Login"/>
  <testcase name="testValidLogin" time="5.265" classname="projectScripts.Scenario_Login"/>
  <testcase name="testValidSearch" time="30.349" classname="projectScripts.Scenario_Search_Addtocart"/>
  <testcase name="testCartValidation" time="7.233" classname="projectScripts.Scenario_Search_Addtocart"/>
  <testcase name="testDeleteCart" time="13.115" classname="projectScripts.Scenario_DeleteCart"/>
</testsuite> <!-- Test -->
