<?xml version="1.0" encoding="UTF-8"?>
<testng-results skipped="0" failed="0" total="5" passed="5">
  <reporter-output>
  </reporter-output>
  <suite name="Suite" duration-ms="102153" started-at="2018-01-09T18:14:27Z" finished-at="2018-01-09T18:16:10Z">
    <groups>
    </groups>
    <test name="Test" duration-ms="102153" started-at="2018-01-09T18:14:27Z" finished-at="2018-01-09T18:16:10Z">
      <class name="projectScripts.Scenario_DeleteCart">
        <test-method status="PASS" signature="launchApp()[pri:0, instance:projectScripts.Scenario_DeleteCart@9b1010]" name="launchApp" is-config="true" duration-ms="7768" started-at="2018-01-09T23:45:48Z" finished-at="2018-01-09T23:45:56Z">
          <reporter-output>
          </reporter-output>
        </test-method> <!-- launchApp -->
        <test-method status="PASS" signature="testDeleteCart(java.util.Map)[pri:0, instance:projectScripts.Scenario_DeleteCart@9b1010]" name="testDeleteCart" duration-ms="13115" started-at="2018-01-09T23:45:56Z" data-provider="dp_DeleteCart" finished-at="2018-01-09T23:46:09Z">
          <params>
            <param index="0">
              <value>
                <![CDATA[{Order=1.0, Uname=anand.naveen906@gmail.com, TC_ID=TC_07, Execute=Y, Expmsg1=Shopping Cart is Empty, Pwd=Naveen@123, Scenario=DeleteCart, Expmsg2=Hello, naveen xavier!}]]>
              </value>
            </param>
          </params>
          <reporter-output>
          </reporter-output>
        </test-method> <!-- testDeleteCart -->
        <test-method status="PASS" signature="tearDown()[pri:0, instance:projectScripts.Scenario_DeleteCart@9b1010]" name="tearDown" is-config="true" duration-ms="485" started-at="2018-01-09T23:46:09Z" finished-at="2018-01-09T23:46:10Z">
          <reporter-output>
          </reporter-output>
        </test-method> <!-- tearDown -->
      </class> <!-- projectScripts.Scenario_DeleteCart -->
      <class name="projectScripts.Scenario_Search_Addtocart">
        <test-method status="PASS" signature="launchApp()[pri:0, instance:projectScripts.Scenario_Search_Addtocart@eed359]" name="launchApp" is-config="true" duration-ms="7106" started-at="2018-01-09T23:44:54Z" finished-at="2018-01-09T23:45:01Z">
          <reporter-output>
          </reporter-output>
        </test-method> <!-- launchApp -->
        <test-method status="PASS" signature="testValidSearch(java.util.Map)[pri:1, instance:projectScripts.Scenario_Search_Addtocart@eed359]" name="testValidSearch" duration-ms="30349" started-at="2018-01-09T23:45:01Z" data-provider="dp_BookValidSearch" finished-at="2018-01-09T23:45:32Z">
          <params>
            <param index="0">
              <value>
                <![CDATA[{Order=1.0, Search2=Dare to win, Uname=anand.naveen906@gmail.com, Search1=Angry River, TC_ID=TC_05, Execute=Y, Expmsg1=Angry River was added to your shopping cart., Pwd=Naveen@123, Expmsg3=Hello, naveen xavier!, Scenario=BookValidSearch, Expmsg2=Dare to win was added to your shopping cart.}]]>
              </value>
            </param>
          </params>
          <reporter-output>
          </reporter-output>
        </test-method> <!-- testValidSearch -->
        <test-method status="PASS" signature="tearDown()[pri:0, instance:projectScripts.Scenario_Search_Addtocart@eed359]" name="tearDown" is-config="true" duration-ms="533" started-at="2018-01-09T23:45:32Z" finished-at="2018-01-09T23:45:32Z">
          <reporter-output>
          </reporter-output>
        </test-method> <!-- tearDown -->
        <test-method status="PASS" signature="launchApp()[pri:0, instance:projectScripts.Scenario_Search_Addtocart@eed359]" name="launchApp" is-config="true" duration-ms="8413" started-at="2018-01-09T23:45:32Z" finished-at="2018-01-09T23:45:41Z">
          <reporter-output>
          </reporter-output>
        </test-method> <!-- launchApp -->
        <test-method status="PASS" signature="testCartValidation(java.util.Map)[pri:2, instance:projectScripts.Scenario_Search_Addtocart@eed359]" name="testCartValidation" duration-ms="7233" started-at="2018-01-09T23:45:41Z" data-provider="dp_CartValidation" finished-at="2018-01-09T23:45:48Z">
          <params>
            <param index="0">
              <value>
                <![CDATA[{Order=1.0, Search2=, Uname=anand.naveen906@gmail.com, Search1=, TC_ID=TC_06, Execute=Y, Expmsg1=Empty Cart., Pwd=Naveen@123, Expmsg3=Hello, naveen xavier!, Scenario=CartValidation, Expmsg2=Empty Cart.}]]>
              </value>
            </param>
          </params>
          <reporter-output>
          </reporter-output>
        </test-method> <!-- testCartValidation -->
        <test-method status="PASS" signature="tearDown()[pri:0, instance:projectScripts.Scenario_Search_Addtocart@eed359]" name="tearDown" is-config="true" duration-ms="431" started-at="2018-01-09T23:45:48Z" finished-at="2018-01-09T23:45:48Z">
          <reporter-output>
          </reporter-output>
        </test-method> <!-- tearDown -->
      </class> <!-- projectScripts.Scenario_Search_Addtocart -->
      <class name="projectScripts.Scenario_Login">
        <test-method status="PASS" signature="Report_Extent()[pri:0, instance:projectScripts.Scenario_Login@a3426]" name="Report_Extent" is-config="true" duration-ms="120" started-at="2018-01-09T23:44:27Z" finished-at="2018-01-09T23:44:27Z">
          <reporter-output>
          </reporter-output>
        </test-method> <!-- Report_Extent -->
        <test-method status="PASS" signature="launchApp()[pri:0, instance:projectScripts.Scenario_Login@a3426]" name="launchApp" is-config="true" duration-ms="8540" started-at="2018-01-09T23:44:28Z" finished-at="2018-01-09T23:44:37Z">
          <reporter-output>
          </reporter-output>
        </test-method> <!-- launchApp -->
        <test-method status="PASS" signature="testInvalidLogin(java.util.Map)[pri:0, instance:projectScripts.Scenario_Login@a3426]" name="testInvalidLogin" duration-ms="3523" started-at="2018-01-09T23:44:37Z" data-provider="dp_Invalidlogin" finished-at="2018-01-09T23:44:40Z">
          <params>
            <param index="0">
              <value>
                <![CDATA[{Order=1.0, Uname=xnx.wer@gmail.com, TC_ID=TC_01, Execute=Y, Pwd=pwfdfd, exp_msg=Invalid login or password., Scenario=InvalidLogin}]]>
              </value>
            </param>
          </params>
          <reporter-output>
          </reporter-output>
        </test-method> <!-- testInvalidLogin -->
        <test-method status="PASS" signature="tearDown()[pri:0, instance:projectScripts.Scenario_Login@a3426]" name="tearDown" is-config="true" duration-ms="858" started-at="2018-01-09T23:44:40Z" finished-at="2018-01-09T23:44:41Z">
          <reporter-output>
          </reporter-output>
        </test-method> <!-- tearDown -->
        <test-method status="PASS" signature="launchApp()[pri:0, instance:projectScripts.Scenario_Login@a3426]" name="launchApp" is-config="true" duration-ms="7267" started-at="2018-01-09T23:44:41Z" finished-at="2018-01-09T23:44:48Z">
          <reporter-output>
          </reporter-output>
        </test-method> <!-- launchApp -->
        <test-method status="PASS" signature="testValidLogin(java.util.Map)[pri:0, instance:projectScripts.Scenario_Login@a3426]" name="testValidLogin" duration-ms="5265" started-at="2018-01-09T23:44:48Z" data-provider="dp_Validlogin" finished-at="2018-01-09T23:44:54Z">
          <params>
            <param index="0">
              <value>
                <![CDATA[{Order=1.0, Uname=anand.naveen906@gmail.com, TC_ID=TC_04, Execute=Y, Pwd=Naveen@123, exp_msg=Hello, naveen xavier!, Scenario=ValidLogin}]]>
              </value>
            </param>
          </params>
          <reporter-output>
          </reporter-output>
        </test-method> <!-- testValidLogin -->
        <test-method status="PASS" signature="tearDown()[pri:0, instance:projectScripts.Scenario_Login@a3426]" name="tearDown" is-config="true" duration-ms="500" started-at="2018-01-09T23:44:54Z" finished-at="2018-01-09T23:44:54Z">
          <reporter-output>
          </reporter-output>
        </test-method> <!-- tearDown -->
      </class> <!-- projectScripts.Scenario_Login -->
    </test> <!-- Test -->
  </suite> <!-- Suite -->
</testng-results>
