<?xml version="1.0" encoding="UTF-8"?>
<testng-results skipped="0" failed="0" total="2" passed="2">
  <reporter-output>
  </reporter-output>
  <suite name="Suite" duration-ms="32466" started-at="2017-12-09T20:33:42Z" finished-at="2017-12-09T20:34:15Z">
    <groups>
    </groups>
    <test name="Testff" duration-ms="32466" started-at="2017-12-09T20:33:42Z" finished-at="2017-12-09T20:34:15Z">
      <class name="projectScripts.Scenario_Login">
        <test-method status="PASS" signature="Report_Extent()[pri:0, instance:projectScripts.Scenario_Login@1fcfece]" name="Report_Extent" is-config="true" duration-ms="164" started-at="2017-12-10T02:03:42Z" finished-at="2017-12-10T02:03:42Z">
          <reporter-output>
          </reporter-output>
        </test-method> <!-- Report_Extent -->
        <test-method status="PASS" signature="launchApp()[pri:0, instance:projectScripts.Scenario_Login@1fcfece]" name="launchApp" is-config="true" duration-ms="11284" started-at="2017-12-10T02:03:43Z" finished-at="2017-12-10T02:03:54Z">
          <reporter-output>
          </reporter-output>
        </test-method> <!-- launchApp -->
        <test-method status="PASS" signature="testInvalidLogin(java.util.Map)[pri:0, instance:projectScripts.Scenario_Login@1fcfece]" name="testInvalidLogin" duration-ms="5666" started-at="2017-12-10T02:03:54Z" data-provider="dp_Invalidlogin" finished-at="2017-12-10T02:04:00Z">
          <params>
            <param index="0">
              <value>
                <![CDATA[{Order=1.0, Uname=xnx.wer@gmail.com, TC_ID=TC_01, Execute=Y, Pwd=pwfdfd, exp_msg=Invalid login or password., Scenario=InvalidLogin}]]>
              </value>
            </param>
          </params>
          <reporter-output>
          </reporter-output>
        </test-method> <!-- testInvalidLogin -->
        <test-method status="PASS" signature="tearDown()[pri:0, instance:projectScripts.Scenario_Login@1fcfece]" name="tearDown" is-config="true" duration-ms="913" started-at="2017-12-10T02:04:00Z" finished-at="2017-12-10T02:04:01Z">
          <reporter-output>
          </reporter-output>
        </test-method> <!-- tearDown -->
        <test-method status="PASS" signature="launchApp()[pri:0, instance:projectScripts.Scenario_Login@1fcfece]" name="launchApp" is-config="true" duration-ms="6980" started-at="2017-12-10T02:04:01Z" finished-at="2017-12-10T02:04:08Z">
          <reporter-output>
          </reporter-output>
        </test-method> <!-- launchApp -->
        <test-method status="PASS" signature="testValidLogin(java.util.Map)[pri:0, instance:projectScripts.Scenario_Login@1fcfece]" name="testValidLogin" duration-ms="6206" started-at="2017-12-10T02:04:08Z" data-provider="dp_Validlogin" finished-at="2017-12-10T02:04:14Z">
          <params>
            <param index="0">
              <value>
                <![CDATA[{Order=1.0, Uname=anand.naveen906@gmail.com, TC_ID=TC_04, Execute=Y, Pwd=Naveen@123, exp_msg=Hello, naveen xavier!, Scenario=ValidLogin}]]>
              </value>
            </param>
          </params>
          <reporter-output>
          </reporter-output>
        </test-method> <!-- testValidLogin -->
        <test-method status="PASS" signature="tearDown()[pri:0, instance:projectScripts.Scenario_Login@1fcfece]" name="tearDown" is-config="true" duration-ms="427" started-at="2017-12-10T02:04:14Z" finished-at="2017-12-10T02:04:15Z">
          <reporter-output>
          </reporter-output>
        </test-method> <!-- tearDown -->
      </class> <!-- projectScripts.Scenario_Login -->
    </test> <!-- Testff -->
  </suite> <!-- Suite -->
</testng-results>
